# JRE version: OpenJDK Runtime Environment (8.0_152-b01) (build 1.8.0_152-release-915-b01)
# Java VM: OpenJDK 64-Bit Server VM (25.152-b01 mixed mode windows-amd64 compressed oops)
Heap:
 PSYoungGen      total 76800K, used 67072K [0x00000000e0000000, 0x00000000e5780000, 0x0000000100000000)
  eden space 67072K, 100% used [0x00000000e0000000,0x00000000e4180000,0x00000000e4180000)
  from space 9728K, 0% used [0x00000000e4b00000,0x00000000e4b00000,0x00000000e5480000)
  to   space 9728K, 0% used [0x00000000e4180000,0x00000000e4180000,0x00000000e4b00000)
 ParOldGen       total 72192K, used 37626K [0x00000000a0000000, 0x00000000a4680000, 0x00000000e0000000)
  object space 72192K, 52% used [0x00000000a0000000,0x00000000a24be948,0x00000000a4680000)
 Metaspace       used 58364K, capacity 60388K, committed 60672K, reserved 1101824K
  class space    used 7809K, capacity 8330K, committed 8448K, reserved 1048576K
GC Heap History (10 events):
Event: 68.794 GC heap before
{Heap before GC invocations=25 (full 2):
 PSYoungGen      total 66048K, used 62756K [0x00000000e0000000, 0x00000000e4900000, 0x0000000100000000)
  eden space 59392K, 100% used [0x00000000e0000000,0x00000000e3a00000,0x00000000e3a00000)
  from space 6656K, 50% used [0x00000000e4280000,0x00000000e45c9000,0x00000000e4900000)
  to   space 7680K, 0% used [0x00000000e3a00000,0x00000000e3a00000,0x00000000e4180000)
 ParOldGen       total 39424K, used 22836K [0x00000000a0000000, 0x00000000a2680000, 0x00000000e0000000)
  object space 39424K, 57% used [0x00000000a0000000,0x00000000a164d298,0x00000000a2680000)
 Metaspace       used 51971K, capacity 53150K, committed 53504K, reserved 1095680K
  class space    used 6740K, capacity 7072K, committed 7168K, reserved 1048576K
Event: 68.805 GC heap after
Heap after GC invocations=25 (full 2):
 PSYoungGen      total 63488K, used 6114K [0x00000000e0000000, 0x00000000e4800000, 0x0000000100000000)
  eden space 57344K, 0% used [0x00000000e0000000,0x00000000e0000000,0x00000000e3800000)
  from space 6144K, 99% used [0x00000000e3a00000,0x00000000e3ff8968,0x00000000e4000000)
  to   space 8192K, 0% used [0x00000000e4000000,0x00000000e4000000,0x00000000e4800000)
 ParOldGen       total 39424K, used 23905K [0x00000000a0000000, 0x00000000a2680000, 0x00000000e0000000)
  object space 39424K, 60% used [0x00000000a0000000,0x00000000a17587e0,0x00000000a2680000)
 Metaspace       used 51971K, capacity 53150K, committed 53504K, reserved 1095680K
  class space    used 6740K, capacity 7072K, committed 7168K, reserved 1048576K
}
Event: 71.673 GC heap before
{Heap before GC invocations=26 (full 2):
 PSYoungGen      total 63488K, used 63458K [0x00000000e0000000, 0x00000000e4800000, 0x0000000100000000)
  eden space 57344K, 100% used [0x00000000e0000000,0x00000000e3800000,0x00000000e3800000)
  from space 6144K, 99% used [0x00000000e3a00000,0x00000000e3ff8968,0x00000000e4000000)
  to   space 8192K, 0% used [0x00000000e4000000,0x00000000e4000000,0x00000000e4800000)
 ParOldGen       total 39424K, used 23905K [0x00000000a0000000, 0x00000000a2680000, 0x00000000e0000000)
  object space 39424K, 60% used [0x00000000a0000000,0x00000000a17587e0,0x00000000a2680000)
 Metaspace       used 54821K, capacity 56456K, committed 56576K, reserved 1097728K
  class space    used 7212K, capacity 7613K, committed 7680K, reserved 1048576K
Event: 71.693 GC heap after
Heap after GC invocations=26 (full 2):
 PSYoungGen      total 65024K, used 6405K [0x00000000e0000000, 0x00000000e5580000, 0x0000000100000000)
  eden space 56832K, 0% used [0x00000000e0000000,0x00000000e0000000,0x00000000e3780000)
  from space 8192K, 78% used [0x00000000e4000000,0x00000000e4641630,0x00000000e4800000)
  to   space 8704K, 0% used [0x00000000e3780000,0x00000000e3780000,0x00000000e4000000)
 ParOldGen       total 39424K, used 26882K [0x00000000a0000000, 0x00000000a2680000, 0x00000000e0000000)
  object space 39424K, 68% used [0x00000000a0000000,0x00000000a1a40888,0x00000000a2680000)
 Metaspace       used 54821K, capacity 56456K, committed 56576K, reserved 1097728K
  class space    used 7212K, capacity 7613K, committed 7680K, reserved 1048576K
}
Event: 74.031 GC heap before
{Heap before GC invocations=27 (full 2):
 PSYoungGen      total 65024K, used 63237K [0x00000000e0000000, 0x00000000e5580000, 0x0000000100000000)
  eden space 56832K, 100% used [0x00000000e0000000,0x00000000e3780000,0x00000000e3780000)
  from space 8192K, 78% used [0x00000000e4000000,0x00000000e4641630,0x00000000e4800000)
  to   space 8704K, 0% used [0x00000000e3780000,0x00000000e3780000,0x00000000e4000000)
 ParOldGen       total 39424K, used 26882K [0x00000000a0000000, 0x00000000a2680000, 0x00000000e0000000)
  object space 39424K, 68% used [0x00000000a0000000,0x00000000a1a40888,0x00000000a2680000)
 Metaspace       used 57177K, capacity 58864K, committed 59008K, reserved 1099776K
  class space    used 7588K, capacity 7994K, committed 8064K, reserved 1048576K
Event: 74.049 GC heap after
Heap after GC invocations=27 (full 2):
 PSYoungGen      total 65536K, used 8027K [0x00000000e0000000, 0x00000000e5480000, 0x0000000100000000)
  eden space 56832K, 0% used [0x00000000e0000000,0x00000000e0000000,0x00000000e3780000)
  from space 8704K, 92% used [0x00000000e3780000,0x00000000e3f56f20,0x00000000e4000000)
  to   space 9728K, 0% used [0x00000000e4b00000,0x00000000e4b00000,0x00000000e5480000)
 ParOldGen       total 39424K, used 31764K [0x00000000a0000000, 0x00000000a2680000, 0x00000000e0000000)
  object space 39424K, 80% used [0x00000000a0000000,0x00000000a1f050b8,0x00000000a2680000)
 Metaspace       used 57177K, capacity 58864K, committed 59008K, reserved 1099776K
  class space    used 7588K, capacity 7994K, committed 8064K, reserved 1048576K
}
Event: 74.332 GC heap before
{Heap before GC invocations=28 (full 2):
 PSYoungGen      total 65536K, used 15978K [0x00000000e0000000, 0x00000000e5480000, 0x0000000100000000)
  eden space 56832K, 13% used [0x00000000e0000000,0x00000000e07c3c48,0x00000000e3780000)
  from space 8704K, 92% used [0x00000000e3780000,0x00000000e3f56f20,0x00000000e4000000)
  to   space 9728K, 0% used [0x00000000e4b00000,0x00000000e4b00000,0x00000000e5480000)
 ParOldGen       total 39424K, used 31764K [0x00000000a0000000, 0x00000000a2680000, 0x00000000e0000000)
  object space 39424K, 80% used [0x00000000a0000000,0x00000000a1f050b8,0x00000000a2680000)
 Metaspace       used 57358K, capacity 59102K, committed 59160K, reserved 1099776K
  class space    used 7630K, capacity 8064K, committed 8064K, reserved 1048576K
Event: 74.344 GC heap after
Heap after GC invocations=28 (full 2):
 PSYoungGen      total 76800K, used 640K [0x00000000e0000000, 0x00000000e5780000, 0x0000000100000000)
  eden space 67072K, 0% used [0x00000000e0000000,0x00000000e0000000,0x00000000e4180000)
  from space 9728K, 6% used [0x00000000e4b00000,0x00000000e4ba0000,0x00000000e5480000)
  to   space 9728K, 0% used [0x00000000e4180000,0x00000000e4180000,0x00000000e4b00000)
 ParOldGen       total 39424K, used 38150K [0x00000000a0000000, 0x00000000a2680000, 0x00000000e0000000)
  object space 39424K, 96% used [0x00000000a0000000,0x00000000a2541a10,0x00000000a2680000)
 Metaspace       used 57358K, capacity 59102K, committed 59160K, reserved 1099776K
  class space    used 7630K, capacity 8064K, committed 8064K, reserved 1048576K
}
Event: 74.344 GC heap before
{Heap before GC invocations=29 (full 3):
 PSYoungGen      total 76800K, used 640K [0x00000000e0000000, 0x00000000e5780000, 0x0000000100000000)
  eden space 67072K, 0% used [0x00000000e0000000,0x00000000e0000000,0x00000000e4180000)
  from space 9728K, 6% used [0x00000000e4b00000,0x00000000e4ba0000,0x00000000e5480000)
  to   space 9728K, 0% used [0x00000000e4180000,0x00000000e4180000,0x00000000e4b00000)
 ParOldGen       total 39424K, used 38150K [0x00000000a0000000, 0x00000000a2680000, 0x00000000e0000000)
  object space 39424K, 96% used [0x00000000a0000000,0x00000000a2541a10,0x00000000a2680000)
 Metaspace       used 57358K, capacity 59102K, committed 59160K, reserved 1099776K
  class space    used 7630K, capacity 8064K, committed 8064K, reserved 1048576K
Event: 74.698 GC heap after
Heap after GC invocations=29 (full 3):
 PSYoungGen      total 76800K, used 0K [0x00000000e0000000, 0x00000000e5780000, 0x0000000100000000)
  eden space 67072K, 0% used [0x00000000e0000000,0x00000000e0000000,0x00000000e4180000)
  from space 9728K, 0% used [0x00000000e4b00000,0x00000000e4b00000,0x00000000e5480000)
  to   space 9728K, 0% used [0x00000000e4180000,0x00000000e4180000,0x00000000e4b00000)
 ParOldGen       total 72192K, used 37626K [0x00000000a0000000, 0x00000000a4680000, 0x00000000e0000000)
  object space 72192K, 52% used [0x00000000a0000000,0x00000000a24be948,0x00000000a4680000)
 Metaspace       used 57331K, capacity 59014K, committed 59160K, reserved 1099776K
  class space    used 7622K, capacity 8056K, committed 8064K, reserved 1048576K
}

