# JRE version: OpenJDK Runtime Environment (8.0_152-b01) (build 1.8.0_152-release-915-b01)
# Java VM: OpenJDK 64-Bit Server VM (25.152-b01 mixed mode windows-amd64 compressed oops)
Heap:
 PSYoungGen      total 83456K, used 32784K [0x00000000e0000000, 0x00000000e5b00000, 0x0000000100000000)
  eden space 74240K, 44% used [0x00000000e0000000,0x00000000e2004308,0x00000000e4880000)
  from space 9216K, 0% used [0x00000000e4880000,0x00000000e4880000,0x00000000e5180000)
  to   space 8192K, 0% used [0x00000000e5180000,0x00000000e5180000,0x00000000e5980000)
 ParOldGen       total 47616K, used 44366K [0x00000000a0000000, 0x00000000a2e80000, 0x00000000e0000000)
  object space 47616K, 93% used [0x00000000a0000000,0x00000000a2b53838,0x00000000a2e80000)
 Metaspace       used 57804K, capacity 60260K, committed 60504K, reserved 1101824K
  class space    used 7686K, capacity 8277K, committed 8320K, reserved 1048576K
GC Heap History (10 events):
Event: 77.033 GC heap before
{Heap before GC invocations=24 (full 2):
 PSYoungGen      total 52224K, used 48674K [0x00000000e0000000, 0x00000000e4680000, 0x0000000100000000)
  eden space 46080K, 100% used [0x00000000e0000000,0x00000000e2d00000,0x00000000e2d00000)
  from space 6144K, 42% used [0x00000000e2d00000,0x00000000e2f88a28,0x00000000e3300000)
  to   space 6144K, 0% used [0x00000000e4080000,0x00000000e4080000,0x00000000e4680000)
 ParOldGen       total 47616K, used 23990K [0x00000000a0000000, 0x00000000a2e80000, 0x00000000e0000000)
  object space 47616K, 50% used [0x00000000a0000000,0x00000000a176dae8,0x00000000a2e80000)
 Metaspace       used 49526K, capacity 50924K, committed 50944K, reserved 1093632K
  class space    used 6511K, capacity 6908K, committed 6912K, reserved 1048576K
Event: 77.043 GC heap after
Heap after GC invocations=24 (full 2):
 PSYoungGen      total 64000K, used 4616K [0x00000000e0000000, 0x00000000e4580000, 0x0000000100000000)
  eden space 58880K, 0% used [0x00000000e0000000,0x00000000e0000000,0x00000000e3980000)
  from space 5120K, 90% used [0x00000000e4080000,0x00000000e4502350,0x00000000e4580000)
  to   space 6144K, 0% used [0x00000000e3980000,0x00000000e3980000,0x00000000e3f80000)
 ParOldGen       total 47616K, used 24552K [0x00000000a0000000, 0x00000000a2e80000, 0x00000000e0000000)
  object space 47616K, 51% used [0x00000000a0000000,0x00000000a17fa3c0,0x00000000a2e80000)
 Metaspace       used 49526K, capacity 50924K, committed 50944K, reserved 1093632K
  class space    used 6511K, capacity 6908K, committed 6912K, reserved 1048576K
}
Event: 80.124 GC heap before
{Heap before GC invocations=25 (full 2):
 PSYoungGen      total 64000K, used 63496K [0x00000000e0000000, 0x00000000e4580000, 0x0000000100000000)
  eden space 58880K, 100% used [0x00000000e0000000,0x00000000e3980000,0x00000000e3980000)
  from space 5120K, 90% used [0x00000000e4080000,0x00000000e4502350,0x00000000e4580000)
  to   space 6144K, 0% used [0x00000000e3980000,0x00000000e3980000,0x00000000e3f80000)
 ParOldGen       total 47616K, used 24552K [0x00000000a0000000, 0x00000000a2e80000, 0x00000000e0000000)
  object space 47616K, 51% used [0x00000000a0000000,0x00000000a17fa3c0,0x00000000a2e80000)
 Metaspace       used 52570K, capacity 54186K, committed 54400K, reserved 1095680K
  class space    used 6992K, capacity 7425K, committed 7552K, reserved 1048576K
Event: 80.150 GC heap after
Heap after GC invocations=25 (full 2):
 PSYoungGen      total 65024K, used 6133K [0x00000000e0000000, 0x00000000e5980000, 0x0000000100000000)
  eden space 58880K, 0% used [0x00000000e0000000,0x00000000e0000000,0x00000000e3980000)
  from space 6144K, 99% used [0x00000000e3980000,0x00000000e3f7d7b8,0x00000000e3f80000)
  to   space 8192K, 0% used [0x00000000e5180000,0x00000000e5180000,0x00000000e5980000)
 ParOldGen       total 47616K, used 28227K [0x00000000a0000000, 0x00000000a2e80000, 0x00000000e0000000)
  object space 47616K, 59% used [0x00000000a0000000,0x00000000a1b90de0,0x00000000a2e80000)
 Metaspace       used 52570K, capacity 54186K, committed 54400K, reserved 1095680K
  class space    used 6992K, capacity 7425K, committed 7552K, reserved 1048576K
}
Event: 83.102 GC heap before
{Heap before GC invocations=26 (full 2):
 PSYoungGen      total 65024K, used 65013K [0x00000000e0000000, 0x00000000e5980000, 0x0000000100000000)
  eden space 58880K, 100% used [0x00000000e0000000,0x00000000e3980000,0x00000000e3980000)
  from space 6144K, 99% used [0x00000000e3980000,0x00000000e3f7d7b8,0x00000000e3f80000)
  to   space 8192K, 0% used [0x00000000e5180000,0x00000000e5180000,0x00000000e5980000)
 ParOldGen       total 47616K, used 28227K [0x00000000a0000000, 0x00000000a2e80000, 0x00000000e0000000)
  object space 47616K, 59% used [0x00000000a0000000,0x00000000a1b90de0,0x00000000a2e80000)
 Metaspace       used 54608K, capacity 56586K, committed 56832K, reserved 1097728K
  class space    used 7345K, capacity 7847K, committed 7936K, reserved 1048576K
Event: 83.121 GC heap after
Heap after GC invocations=26 (full 2):
 PSYoungGen      total 82432K, used 7263K [0x00000000e0000000, 0x00000000e5b00000, 0x0000000100000000)
  eden space 74240K, 0% used [0x00000000e0000000,0x00000000e0000000,0x00000000e4880000)
  from space 8192K, 88% used [0x00000000e5180000,0x00000000e5897d68,0x00000000e5980000)
  to   space 9216K, 0% used [0x00000000e4880000,0x00000000e4880000,0x00000000e5180000)
 ParOldGen       total 47616K, used 33434K [0x00000000a0000000, 0x00000000a2e80000, 0x00000000e0000000)
  object space 47616K, 70% used [0x00000000a0000000,0x00000000a20a68b8,0x00000000a2e80000)
 Metaspace       used 54608K, capacity 56586K, committed 56832K, reserved 1097728K
  class space    used 7345K, capacity 7847K, committed 7936K, reserved 1048576K
}
Event: 84.629 GC heap before
{Heap before GC invocations=27 (full 2):
 PSYoungGen      total 82432K, used 64713K [0x00000000e0000000, 0x00000000e5b00000, 0x0000000100000000)
  eden space 74240K, 77% used [0x00000000e0000000,0x00000000e381a870,0x00000000e4880000)
  from space 8192K, 88% used [0x00000000e5180000,0x00000000e5897d68,0x00000000e5980000)
  to   space 9216K, 0% used [0x00000000e4880000,0x00000000e4880000,0x00000000e5180000)
 ParOldGen       total 47616K, used 33434K [0x00000000a0000000, 0x00000000a2e80000, 0x00000000e0000000)
  object space 47616K, 70% used [0x00000000a0000000,0x00000000a20a68b8,0x00000000a2e80000)
 Metaspace       used 56810K, capacity 59058K, committed 59096K, reserved 1099776K
  class space    used 7616K, capacity 8190K, committed 8192K, reserved 1048576K
Event: 84.704 GC heap after
Heap after GC invocations=27 (full 2):
 PSYoungGen      total 83456K, used 7336K [0x00000000e0000000, 0x00000000e5b00000, 0x0000000100000000)
  eden space 74240K, 0% used [0x00000000e0000000,0x00000000e0000000,0x00000000e4880000)
  from space 9216K, 79% used [0x00000000e4880000,0x00000000e4faa088,0x00000000e5180000)
  to   space 8192K, 0% used [0x00000000e5180000,0x00000000e5180000,0x00000000e5980000)
 ParOldGen       total 47616K, used 39772K [0x00000000a0000000, 0x00000000a2e80000, 0x00000000e0000000)
  object space 47616K, 83% used [0x00000000a0000000,0x00000000a26d7040,0x00000000a2e80000)
 Metaspace       used 56810K, capacity 59058K, committed 59096K, reserved 1099776K
  class space    used 7616K, capacity 8190K, committed 8192K, reserved 1048576K
}
Event: 84.719 GC heap before
{Heap before GC invocations=28 (full 3):
 PSYoungGen      total 83456K, used 7336K [0x00000000e0000000, 0x00000000e5b00000, 0x0000000100000000)
  eden space 74240K, 0% used [0x00000000e0000000,0x00000000e0000000,0x00000000e4880000)
  from space 9216K, 79% used [0x00000000e4880000,0x00000000e4faa088,0x00000000e5180000)
  to   space 8192K, 0% used [0x00000000e5180000,0x00000000e5180000,0x00000000e5980000)
 ParOldGen       total 47616K, used 39772K [0x00000000a0000000, 0x00000000a2e80000, 0x00000000e0000000)
  object space 47616K, 83% used [0x00000000a0000000,0x00000000a26d7040,0x00000000a2e80000)
 Metaspace       used 56810K, capacity 59058K, committed 59096K, reserved 1099776K
  class space    used 7616K, capacity 8190K, committed 8192K, reserved 1048576K
Event: 85.444 GC heap after
Heap after GC invocations=28 (full 3):
 PSYoungGen      total 83456K, used 0K [0x00000000e0000000, 0x00000000e5b00000, 0x0000000100000000)
  eden space 74240K, 0% used [0x00000000e0000000,0x00000000e0000000,0x00000000e4880000)
  from space 9216K, 0% used [0x00000000e4880000,0x00000000e4880000,0x00000000e5180000)
  to   space 8192K, 0% used [0x00000000e5180000,0x00000000e5180000,0x00000000e5980000)
 ParOldGen       total 47616K, used 44366K [0x00000000a0000000, 0x00000000a2e80000, 0x00000000e0000000)
  object space 47616K, 93% used [0x00000000a0000000,0x00000000a2b53838,0x00000000a2e80000)
 Metaspace       used 56810K, capacity 59058K, committed 59096K, reserved 1099776K
  class space    used 7616K, capacity 8190K, committed 8192K, reserved 1048576K
}

