# JRE version: OpenJDK Runtime Environment (8.0_152-b01) (build 1.8.0_152-release-915-b01)
# Java VM: OpenJDK 64-Bit Server VM (25.152-b01 mixed mode windows-amd64 compressed oops)
Heap:
 PSYoungGen      total 188416K, used 180531K [0x00000000e0000000, 0x00000000f0700000, 0x0000000100000000)
  eden space 164352K, 95% used [0x00000000e0000000,0x00000000e98d1d20,0x00000000ea080000)
  from space 24064K, 99% used [0x00000000ea080000,0x00000000eb7fb288,0x00000000eb800000)
  to   space 28160K, 0% used [0x00000000eeb80000,0x00000000eeb80000,0x00000000f0700000)
 ParOldGen       total 91136K, used 38554K [0x00000000a0000000, 0x00000000a5900000, 0x00000000e0000000)
  object space 91136K, 42% used [0x00000000a0000000,0x00000000a25a6918,0x00000000a5900000)
 Metaspace       used 68540K, capacity 71652K, committed 71768K, reserved 1112064K
  class space    used 8985K, capacity 9829K, committed 9856K, reserved 1048576K
GC Heap History (10 events):
Event: 62.794 GC heap before
{Heap before GC invocations=14 (full 2):
 PSYoungGen      total 118784K, used 118780K [0x00000000e0000000, 0x00000000e9b00000, 0x0000000100000000)
  eden space 106496K, 100% used [0x00000000e0000000,0x00000000e6800000,0x00000000e6800000)
  from space 12288K, 99% used [0x00000000e6800000,0x00000000e73ff2e0,0x00000000e7400000)
  to   space 15360K, 0% used [0x00000000e8c00000,0x00000000e8c00000,0x00000000e9b00000)
 ParOldGen       total 58368K, used 20192K [0x00000000a0000000, 0x00000000a3900000, 0x00000000e0000000)
  object space 58368K, 34% used [0x00000000a0000000,0x00000000a13b8330,0x00000000a3900000)
 Metaspace       used 55269K, capacity 57010K, committed 57304K, reserved 1099776K
  class space    used 7361K, capacity 7863K, committed 7936K, reserved 1048576K
Event: 62.822 GC heap after
Heap after GC invocations=14 (full 2):
 PSYoungGen      total 138752K, used 15342K [0x00000000e0000000, 0x00000000ea400000, 0x0000000100000000)
  eden space 123392K, 0% used [0x00000000e0000000,0x00000000e0000000,0x00000000e7880000)
  from space 15360K, 99% used [0x00000000e8c00000,0x00000000e9afbbc8,0x00000000e9b00000)
  to   space 19968K, 0% used [0x00000000e7880000,0x00000000e7880000,0x00000000e8c00000)
 ParOldGen       total 58368K, used 26344K [0x00000000a0000000, 0x00000000a3900000, 0x00000000e0000000)
  object space 58368K, 45% used [0x00000000a0000000,0x00000000a19ba3e8,0x00000000a3900000)
 Metaspace       used 55269K, capacity 57010K, committed 57304K, reserved 1099776K
  class space    used 7361K, capacity 7863K, committed 7936K, reserved 1048576K
}
Event: 63.776 GC heap before
{Heap before GC invocations=15 (full 2):
 PSYoungGen      total 138752K, used 67870K [0x00000000e0000000, 0x00000000ea400000, 0x0000000100000000)
  eden space 123392K, 42% used [0x00000000e0000000,0x00000000e334bf08,0x00000000e7880000)
  from space 15360K, 99% used [0x00000000e8c00000,0x00000000e9afbbc8,0x00000000e9b00000)
  to   space 19968K, 0% used [0x00000000e7880000,0x00000000e7880000,0x00000000e8c00000)
 ParOldGen       total 58368K, used 26344K [0x00000000a0000000, 0x00000000a3900000, 0x00000000e0000000)
  object space 58368K, 45% used [0x00000000a0000000,0x00000000a19ba3e8,0x00000000a3900000)
 Metaspace       used 57063K, capacity 58916K, committed 59028K, reserved 1099776K
  class space    used 7682K, capacity 8169K, committed 8192K, reserved 1048576K
Event: 63.809 GC heap after
Heap after GC invocations=15 (full 2):
 PSYoungGen      total 143360K, used 19966K [0x00000000e0000000, 0x00000000ed100000, 0x0000000100000000)
  eden space 123392K, 0% used [0x00000000e0000000,0x00000000e0000000,0x00000000e7880000)
  from space 19968K, 99% used [0x00000000e7880000,0x00000000e8bffbb8,0x00000000e8c00000)
  to   space 23552K, 0% used [0x00000000eba00000,0x00000000eba00000,0x00000000ed100000)
 ParOldGen       total 58368K, used 28433K [0x00000000a0000000, 0x00000000a3900000, 0x00000000e0000000)
  object space 58368K, 48% used [0x00000000a0000000,0x00000000a1bc4668,0x00000000a3900000)
 Metaspace       used 57063K, capacity 58916K, committed 59028K, reserved 1099776K
  class space    used 7682K, capacity 8169K, committed 8192K, reserved 1048576K
}
Event: 63.809 GC heap before
{Heap before GC invocations=16 (full 3):
 PSYoungGen      total 143360K, used 19966K [0x00000000e0000000, 0x00000000ed100000, 0x0000000100000000)
  eden space 123392K, 0% used [0x00000000e0000000,0x00000000e0000000,0x00000000e7880000)
  from space 19968K, 99% used [0x00000000e7880000,0x00000000e8bffbb8,0x00000000e8c00000)
  to   space 23552K, 0% used [0x00000000eba00000,0x00000000eba00000,0x00000000ed100000)
 ParOldGen       total 58368K, used 28433K [0x00000000a0000000, 0x00000000a3900000, 0x00000000e0000000)
  object space 58368K, 48% used [0x00000000a0000000,0x00000000a1bc4668,0x00000000a3900000)
 Metaspace       used 57063K, capacity 58916K, committed 59028K, reserved 1099776K
  class space    used 7682K, capacity 8169K, committed 8192K, reserved 1048576K
Event: 64.064 GC heap after
Heap after GC invocations=16 (full 3):
 PSYoungGen      total 143360K, used 0K [0x00000000e0000000, 0x00000000ed100000, 0x0000000100000000)
  eden space 123392K, 0% used [0x00000000e0000000,0x00000000e0000000,0x00000000e7880000)
  from space 19968K, 0% used [0x00000000e7880000,0x00000000e7880000,0x00000000e8c00000)
  to   space 23552K, 0% used [0x00000000eba00000,0x00000000eba00000,0x00000000ed100000)
 ParOldGen       total 91136K, used 37851K [0x00000000a0000000, 0x00000000a5900000, 0x00000000e0000000)
  object space 91136K, 41% used [0x00000000a0000000,0x00000000a24f6c70,0x00000000a5900000)
 Metaspace       used 57063K, capacity 58916K, committed 59028K, reserved 1099776K
  class space    used 7682K, capacity 8169K, committed 8192K, reserved 1048576K
}
Event: 71.669 GC heap before
{Heap before GC invocations=17 (full 3):
 PSYoungGen      total 143360K, used 123392K [0x00000000e0000000, 0x00000000ed100000, 0x0000000100000000)
  eden space 123392K, 100% used [0x00000000e0000000,0x00000000e7880000,0x00000000e7880000)
  from space 19968K, 0% used [0x00000000e7880000,0x00000000e7880000,0x00000000e8c00000)
  to   space 23552K, 0% used [0x00000000eba00000,0x00000000eba00000,0x00000000ed100000)
 ParOldGen       total 91136K, used 37851K [0x00000000a0000000, 0x00000000a5900000, 0x00000000e0000000)
  object space 91136K, 41% used [0x00000000a0000000,0x00000000a24f6c70,0x00000000a5900000)
 Metaspace       used 60728K, capacity 62948K, committed 63192K, reserved 1103872K
  class space    used 8221K, capacity 8842K, committed 8960K, reserved 1048576K
Event: 71.703 GC heap after
Heap after GC invocations=17 (full 3):
 PSYoungGen      total 186368K, used 14913K [0x00000000e0000000, 0x00000000ecf80000, 0x0000000100000000)
  eden space 164352K, 0% used [0x00000000e0000000,0x00000000e0000000,0x00000000ea080000)
  from space 22016K, 67% used [0x00000000eba00000,0x00000000ec890578,0x00000000ecf80000)
  to   space 24064K, 0% used [0x00000000ea080000,0x00000000ea080000,0x00000000eb800000)
 ParOldGen       total 91136K, used 37878K [0x00000000a0000000, 0x00000000a5900000, 0x00000000e0000000)
  object space 91136K, 41% used [0x00000000a0000000,0x00000000a24fd8c0,0x00000000a5900000)
 Metaspace       used 60728K, capacity 62948K, committed 63192K, reserved 1103872K
  class space    used 8221K, capacity 8842K, committed 8960K, reserved 1048576K
}
Event: 119.389 GC heap before
{Heap before GC invocations=18 (full 3):
 PSYoungGen      total 186368K, used 179265K [0x00000000e0000000, 0x00000000ecf80000, 0x0000000100000000)
  eden space 164352K, 100% used [0x00000000e0000000,0x00000000ea080000,0x00000000ea080000)
  from space 22016K, 67% used [0x00000000eba00000,0x00000000ec890578,0x00000000ecf80000)
  to   space 24064K, 0% used [0x00000000ea080000,0x00000000ea080000,0x00000000eb800000)
 ParOldGen       total 91136K, used 37878K [0x00000000a0000000, 0x00000000a5900000, 0x00000000e0000000)
  object space 91136K, 41% used [0x00000000a0000000,0x00000000a24fd8c0,0x00000000a5900000)
 Metaspace       used 67389K, capacity 70398K, committed 70616K, reserved 1110016K
  class space    used 8855K, capacity 9630K, committed 9728K, reserved 1048576K
Event: 119.462 GC heap after
Heap after GC invocations=18 (full 3):
 PSYoungGen      total 188416K, used 24044K [0x00000000e0000000, 0x00000000f0700000, 0x0000000100000000)
  eden space 164352K, 0% used [0x00000000e0000000,0x00000000e0000000,0x00000000ea080000)
  from space 24064K, 99% used [0x00000000ea080000,0x00000000eb7fb288,0x00000000eb800000)
  to   space 28160K, 0% used [0x00000000eeb80000,0x00000000eeb80000,0x00000000f0700000)
 ParOldGen       total 91136K, used 38554K [0x00000000a0000000, 0x00000000a5900000, 0x00000000e0000000)
  object space 91136K, 42% used [0x00000000a0000000,0x00000000a25a6918,0x00000000a5900000)
 Metaspace       used 67389K, capacity 70398K, committed 70616K, reserved 1110016K
  class space    used 8855K, capacity 9630K, committed 9728K, reserved 1048576K
}

