# JRE version: OpenJDK Runtime Environment (8.0_152-b01) (build 1.8.0_152-release-915-b01)
# Java VM: OpenJDK 64-Bit Server VM (25.152-b01 mixed mode windows-amd64 compressed oops)
Heap:
 PSYoungGen      total 237056K, used 182161K [0x00000000e0000000, 0x00000000f2500000, 0x0000000100000000)
  eden space 195072K, 90% used [0x00000000e0000000,0x00000000ead00af8,0x00000000ebe80000)
  from space 41984K, 11% used [0x00000000ebe80000,0x00000000ec363910,0x00000000ee780000)
  to   space 38400K, 0% used [0x00000000eff80000,0x00000000eff80000,0x00000000f2500000)
 ParOldGen       total 137216K, used 85638K [0x00000000a0000000, 0x00000000a8600000, 0x00000000e0000000)
  object space 137216K, 62% used [0x00000000a0000000,0x00000000a53a1b58,0x00000000a8600000)
 Metaspace       used 101701K, capacity 106734K, committed 109656K, reserved 1144832K
  class space    used 12511K, capacity 13639K, committed 14208K, reserved 1048576K
GC Heap History (10 events):
Event: 9610.158 GC heap before
{Heap before GC invocations=51 (full 4):
 PSYoungGen      total 236544K, used 206048K [0x00000000e0000000, 0x00000000f1080000, 0x0000000100000000)
  eden space 195072K, 100% used [0x00000000e0000000,0x00000000ebe80000,0x00000000ebe80000)
  from space 41472K, 26% used [0x00000000ee780000,0x00000000ef238070,0x00000000f1000000)
  to   space 41984K, 0% used [0x00000000ebe80000,0x00000000ebe80000,0x00000000ee780000)
 ParOldGen       total 137216K, used 67847K [0x00000000a0000000, 0x00000000a8600000, 0x00000000e0000000)
  object space 137216K, 49% used [0x00000000a0000000,0x00000000a4241c80,0x00000000a8600000)
 Metaspace       used 101167K, capacity 106086K, committed 109144K, reserved 1144832K
  class space    used 12457K, capacity 13563K, committed 14208K, reserved 1048576K
Event: 9610.185 GC heap after
Heap after GC invocations=51 (full 4):
 PSYoungGen      total 237056K, used 9072K [0x00000000e0000000, 0x00000000f1080000, 0x0000000100000000)
  eden space 195072K, 0% used [0x00000000e0000000,0x00000000e0000000,0x00000000ebe80000)
  from space 41984K, 21% used [0x00000000ebe80000,0x00000000ec75c060,0x00000000ee780000)
  to   space 41472K, 0% used [0x00000000ee780000,0x00000000ee780000,0x00000000f1000000)
 ParOldGen       total 137216K, used 72095K [0x00000000a0000000, 0x00000000a8600000, 0x00000000e0000000)
  object space 137216K, 52% used [0x00000000a0000000,0x00000000a4667c80,0x00000000a8600000)
 Metaspace       used 101167K, capacity 106086K, committed 109144K, reserved 1144832K
  class space    used 12457K, capacity 13563K, committed 14208K, reserved 1048576K
}
Event: 9611.056 GC heap before
{Heap before GC invocations=52 (full 4):
 PSYoungGen      total 237056K, used 204144K [0x00000000e0000000, 0x00000000f1080000, 0x0000000100000000)
  eden space 195072K, 100% used [0x00000000e0000000,0x00000000ebe80000,0x00000000ebe80000)
  from space 41984K, 21% used [0x00000000ebe80000,0x00000000ec75c060,0x00000000ee780000)
  to   space 41472K, 0% used [0x00000000ee780000,0x00000000ee780000,0x00000000f1000000)
 ParOldGen       total 137216K, used 72095K [0x00000000a0000000, 0x00000000a8600000, 0x00000000e0000000)
  object space 137216K, 52% used [0x00000000a0000000,0x00000000a4667c80,0x00000000a8600000)
 Metaspace       used 101169K, capacity 106086K, committed 109144K, reserved 1144832K
  class space    used 12457K, capacity 13563K, committed 14208K, reserved 1048576K
Event: 9611.081 GC heap after
Heap after GC invocations=52 (full 4):
 PSYoungGen      total 236544K, used 8768K [0x00000000e0000000, 0x00000000f1080000, 0x0000000100000000)
  eden space 195072K, 0% used [0x00000000e0000000,0x00000000e0000000,0x00000000ebe80000)
  from space 41472K, 21% used [0x00000000ee780000,0x00000000ef010080,0x00000000f1000000)
  to   space 41984K, 0% used [0x00000000ebe80000,0x00000000ebe80000,0x00000000ee780000)
 ParOldGen       total 137216K, used 75015K [0x00000000a0000000, 0x00000000a8600000, 0x00000000e0000000)
  object space 137216K, 54% used [0x00000000a0000000,0x00000000a4941c90,0x00000000a8600000)
 Metaspace       used 101169K, capacity 106086K, committed 109144K, reserved 1144832K
  class space    used 12457K, capacity 13563K, committed 14208K, reserved 1048576K
}
Event: 9611.848 GC heap before
{Heap before GC invocations=53 (full 4):
 PSYoungGen      total 236544K, used 203840K [0x00000000e0000000, 0x00000000f1080000, 0x0000000100000000)
  eden space 195072K, 100% used [0x00000000e0000000,0x00000000ebe80000,0x00000000ebe80000)
  from space 41472K, 21% used [0x00000000ee780000,0x00000000ef010080,0x00000000f1000000)
  to   space 41984K, 0% used [0x00000000ebe80000,0x00000000ebe80000,0x00000000ee780000)
 ParOldGen       total 137216K, used 75015K [0x00000000a0000000, 0x00000000a8600000, 0x00000000e0000000)
  object space 137216K, 54% used [0x00000000a0000000,0x00000000a4941c90,0x00000000a8600000)
 Metaspace       used 101172K, capacity 106086K, committed 109144K, reserved 1144832K
  class space    used 12457K, capacity 13563K, committed 14208K, reserved 1048576K
Event: 9611.888 GC heap after
Heap after GC invocations=53 (full 4):
 PSYoungGen      total 237056K, used 6736K [0x00000000e0000000, 0x00000000f1080000, 0x0000000100000000)
  eden space 195072K, 0% used [0x00000000e0000000,0x00000000e0000000,0x00000000ebe80000)
  from space 41984K, 16% used [0x00000000ebe80000,0x00000000ec514060,0x00000000ee780000)
  to   space 41472K, 0% used [0x00000000ee780000,0x00000000ee780000,0x00000000f1000000)
 ParOldGen       total 137216K, used 79767K [0x00000000a0000000, 0x00000000a8600000, 0x00000000e0000000)
  object space 137216K, 58% used [0x00000000a0000000,0x00000000a4de5ca0,0x00000000a8600000)
 Metaspace       used 101172K, capacity 106086K, committed 109144K, reserved 1144832K
  class space    used 12457K, capacity 13563K, committed 14208K, reserved 1048576K
}
Event: 9612.657 GC heap before
{Heap before GC invocations=54 (full 4):
 PSYoungGen      total 237056K, used 201808K [0x00000000e0000000, 0x00000000f1080000, 0x0000000100000000)
  eden space 195072K, 100% used [0x00000000e0000000,0x00000000ebe80000,0x00000000ebe80000)
  from space 41984K, 16% used [0x00000000ebe80000,0x00000000ec514060,0x00000000ee780000)
  to   space 41472K, 0% used [0x00000000ee780000,0x00000000ee780000,0x00000000f1000000)
 ParOldGen       total 137216K, used 79767K [0x00000000a0000000, 0x00000000a8600000, 0x00000000e0000000)
  object space 137216K, 58% used [0x00000000a0000000,0x00000000a4de5ca0,0x00000000a8600000)
 Metaspace       used 101187K, capacity 106150K, committed 109144K, reserved 1144832K
  class space    used 12458K, capacity 13563K, committed 14208K, reserved 1048576K
Event: 9612.681 GC heap after
Heap after GC invocations=54 (full 4):
 PSYoungGen      total 236544K, used 2576K [0x00000000e0000000, 0x00000000f1080000, 0x0000000100000000)
  eden space 195072K, 0% used [0x00000000e0000000,0x00000000e0000000,0x00000000ebe80000)
  from space 41472K, 6% used [0x00000000ee780000,0x00000000eea04080,0x00000000f1000000)
  to   space 41984K, 0% used [0x00000000ebe80000,0x00000000ebe80000,0x00000000ee780000)
 ParOldGen       total 137216K, used 84262K [0x00000000a0000000, 0x00000000a8600000, 0x00000000e0000000)
  object space 137216K, 61% used [0x00000000a0000000,0x00000000a5249b58,0x00000000a8600000)
 Metaspace       used 101187K, capacity 106150K, committed 109144K, reserved 1144832K
  class space    used 12458K, capacity 13563K, committed 14208K, reserved 1048576K
}
Event: 9633.472 GC heap before
{Heap before GC invocations=55 (full 4):
 PSYoungGen      total 236544K, used 197648K [0x00000000e0000000, 0x00000000f1080000, 0x0000000100000000)
  eden space 195072K, 100% used [0x00000000e0000000,0x00000000ebe80000,0x00000000ebe80000)
  from space 41472K, 6% used [0x00000000ee780000,0x00000000eea04080,0x00000000f1000000)
  to   space 41984K, 0% used [0x00000000ebe80000,0x00000000ebe80000,0x00000000ee780000)
 ParOldGen       total 137216K, used 84262K [0x00000000a0000000, 0x00000000a8600000, 0x00000000e0000000)
  object space 137216K, 61% used [0x00000000a0000000,0x00000000a5249b58,0x00000000a8600000)
 Metaspace       used 101379K, capacity 106368K, committed 109144K, reserved 1144832K
  class space    used 12478K, capacity 13604K, committed 14208K, reserved 1048576K
Event: 9633.503 GC heap after
Heap after GC invocations=55 (full 4):
 PSYoungGen      total 237056K, used 5006K [0x00000000e0000000, 0x00000000f2500000, 0x0000000100000000)
  eden space 195072K, 0% used [0x00000000e0000000,0x00000000e0000000,0x00000000ebe80000)
  from space 41984K, 11% used [0x00000000ebe80000,0x00000000ec363910,0x00000000ee780000)
  to   space 38400K, 0% used [0x00000000eff80000,0x00000000eff80000,0x00000000f2500000)
 ParOldGen       total 137216K, used 85638K [0x00000000a0000000, 0x00000000a8600000, 0x00000000e0000000)
  object space 137216K, 62% used [0x00000000a0000000,0x00000000a53a1b58,0x00000000a8600000)
 Metaspace       used 101379K, capacity 106368K, committed 109144K, reserved 1144832K
  class space    used 12478K, capacity 13604K, committed 14208K, reserved 1048576K
}

